disposeInternal:d
dom:cb
currentViewScript:ab
propagationStopped_:F
basePath:n
dependentDisposables_:bb
customEvent_:ya
routes_:H
onShow_:nb
commentCount_:Ya
userInfo_:S
userVisible_:K
timerObject_:R
remaining_:e
domain_:u
check_:Wa
tracerOverheadStart_:zb
content_:ga
contentArea:T
isNavigation:Cb
comment:Xa
onViewRender:La
history_:Ga
operaDefibrillator_:ob
currentLayout:A
last_:na
count_:a
tracerCount_:wb
keys_:M
eventType:ja
hiddenInput_:X
baseUrl_:Va
layout_:ib
timer_:c
ignoreCase_:h
scheme_:r
token:Eb
createObjectFn_:wa
documentLoaded:ia
interval_:L
freeQueue_:la
event_:ka
deconstructor:o
lastToken_:N
onRender:pa
platformModifierKey:pb
controller_:Ab
action_:Ua
stopTime:Db
router_:Pa
disposed_:Ba
isReadOnly_:hb
viewScript_:da
lockedToken_:P
uri_:ta
longerPolling_:C
port_:D
getCount:Fa
maxCount_:jb
currentRoute_:xa
markup:Ja
count:va
templateFormat:tb
cachedToString_:f
keyMap_:b
defaultRoute:p
tick_:ub
createObject:U
currentAction:Za
getKeys:q
request:Oa
unsetIframe_:Sa
redirectionType:aa
defaultLayout:V
iframe_:B
shouldEnable_:Qa
decodedQuery_:ha
boundTick_:fa
nextId_:kb
onDocumentLoaded:lb
init:Z
events_:Da
params_:Na
render:ra
handler_:gb
redirectionReturnValue:qb
returnValue_:ca
outstandingEvents_:Ma
controller:z
currentLayoutContext:$a
onHashChange_:mb
statPool_:sb
locked_:$
eventPool_:fb
window_:j
disposeObjectFn_:Aa
superClass_:J
startTime_:rb
__iterator__:ea
numericKeyMap_:oa
listener:O
fragment_:g
isFunctionListener_:Ia
idPool_:Ha
varAlloc:Ta
eventHandler_:v
getValues:w
queryData_:m
map_:i
needsCleanup_:Ka
enabled_:W
parentEventTarget_:qa
dispose:t
path_:l
renderer_:ba
resetLayout:sa
params:Q
iframeSrc_:Y
containsKey:s
stats_:Ra
disposeObject:za
dom_:eb
callOnce:ua
defaultThreshold_:Bb
fragments:Ea
removed:G
tracerOverheadComment_:xb
eventTime:Ca
setIgnoreCase:I
tracerOverheadEnd_:yb
totalVarAlloc:vb
handler:ma
encodedQuery_:k
