goog$isArrayLike:u
goog$Uri$encodeChar_:wc
goog$string$urlEncode:ta
goog$History$INPUT_TEMPLATE_:Rb
goog$iter$StopIteration:kb
goog$userAgent$isVersion:G
goog$userAgent$GECKO:E
JSCompiler_StaticMethods_getKeyName_:W
goog$events$EventHandler:Mb
JSCompiler_StaticMethods_getLocationFragment_:Zb
goog$UID_PROPERTY_:aa
goog$userAgent$detectedOpera_:A
goog$userAgent$MAC:Ma
JSCompiler_StaticMethods_getIframeToken_:ac
JSCompiler_StaticMethods_resolve_:Cc
goog$reflect$sinkValue:yb
JSCompiler_StaticMethods_update_:$b
JSCompiler_StaticMethods_setFragment:nc
goog$string$quotRe_:Ba
part$$inline_375:Kc
arr$$inline_53:Qa
goog$events$BrowserFeature$HAS_W3C_EVENT_SUPPORT:xb
JSCompiler_StaticMethods_setScheme:hc
tart$mvc$Controller:ha
JSCompiler_StaticMethods_setIframeToken_:Wb
goog$typeOf:s
goog$events$unlistenByKey:Q
operaVersion$$inline_52:Pa
goog$events$EventTarget:Ib
goog$History$historyCount_:Qb
version$$inline_50:Oa
goog$history$Event:Pb
goog$events$unlisten:Db
goog$uri$utils$splitRe_:fc
JSCompiler_StaticMethods_redirectToRoute:Dc
JSCompiler_StaticMethods_setEnabled:Xb
goog$events$Event:M
goog$string$amperRe_:xa
goog$array$every:fb
tns$views$scripts$index$list:ia
tart$mvc$Application:Y
goog$events$listenerTree_:O
goog$History$INPUT_EVENTS_:Yb
tart$mvc$Renderer:ec
goog$events$BrowserEvent:zb
JSCompiler_StaticMethods_invalidateCache_:xc
tns$controllers$IndexController$indexAction:ka
goog$Uri$QueryData:oc
goog$Uri$reDisallowedInSchemeOrUserInfo_:qc
JSCompiler_prototypeAlias:o
goog$string$endsWith:qa
goog$debug$Trace_$Stat_:rb
goog$Timer$defaultTimerObject:Kb
tart$mvc$uri$Router$RedirectionType$CLASSICAL:Ac
goog$userAgent$VERSION:Na
goog$string$compareElements_:Ca
goog$bindJs_:da
JSCompiler_alias_VOID:i
tart$mvc$uri$Request:yc
goog$Timer$TICK:Lb
JSCompiler_StaticMethods_initRouting:Fc
re$$inline_51:F
goog$events$onStringMap_:P
goog$Disposable:K
JSCompiler_alias_NULL:k
goog$userAgent$IE:C
tart$mvc$View:oa
goog$structs$SimplePool:L
goog$array$find:gb
goog$uidCounter_:ba
tart$mvc$uri$Route:X
L 13:B
L 11:q
goog$events$fireListeners_:Gb
L 12:za
L 10:D
goog$structs$Map:J
goog$events$getProxy:Bb
docMode$$inline_54:Ra
tart$mvc$Layout:pa
goog$History$HAS_ONHASHCHANGE:S
tns$controllers$IndexController$listAction:la
goog$object$extend:ab
doc$$inline_344:Sa
tns$Application:Hc
JSCompiler_StaticMethods_enforceReadOnly:U
goog$Uri$reDisallowedInQuery_:uc
goog$iter$forEach:nb
goog$History$PollingType$LONG:cc
goog$History$PollingType$NORMAL:Sb
goog$events$sources_:H
JSCompiler_alias_THROW:g
tns$controllers$IndexController$showAction:ma
goog$string$allRe_:wa
goog$getUid:w
goog$userAgent$detectedIe_:Da
JSCompiler_alias_FALSE:n
tart$mvc$uri$Redirection:dc
goog$events$removeAll:Fb
goog$array$filter:eb
goog$string$urlDecode:ua
goog$bindNative_:ca
L 0:a
L 1:b
L 2:c
goog$isString:v
L 3:d
goog$userAgent$isDocumentModeCache_:Ua
goog$array$forEach:db
tart$getUid:ga
goog$object$create:bb
L 9:p
JSCompiler_StaticMethods_setPort:kc
L 8:m
L 7:l
L 6:h
L 5:f
goog$object$getKeys:Za
L 4:e
ua$$inline_38:Ha
JSCompiler_StaticMethods_ensureKeyMapInitialized_:V
goog$iter$toIterator:mb
goog$History:R
goog$string$subs:ra
goog$userAgent$detectedWebkit_:Ea
tns$controllers$IndexController:z
goog$inherits:y
goog$string$htmlEscape:va
goog$object$getValues:Ya
goog$object$PROTOTYPE_FIELDS_:$a
tart$mvc$uri$Router:zc
JSCompiler_StaticMethods_route:Bc
goog$userAgent$getUserAgentString:Ga
goog$Uri$encodeSpecialRegExp_:vc
tart$mvc$Action:na
goog$object$forEach:Wa
JSCompiler_StaticMethods_listen:Ob
goog$object$getCount:Xa
tart$Err:T
goog$userAgent$WEBKIT:Ka
goog$debug$Trace_$formatTime_:ub
goog$userAgent$detectedGecko_:Fa
JSCompiler_alias_TRUE:j
goog$events$handleBrowserEvent_:Cb
goog$userAgent$isVersionCache_:Ta
goog$events$listeners_:N
goog$events$Listener$counter_:wb
navigator$$inline_39:Ia
goog$string$gtRe_:Aa
goog$Timer:Jb
JSCompiler_StaticMethods_setUserInfo:ic
JSCompiler_StaticMethods_setPath:lc
goog$array$extend:hb
goog$History$IFRAME_SOURCE_TEMPLATE_:bc
goog$events$listen:Ab
goog$events$cleanUp_:Eb
goog$iter$Iterator:lb
JSCompiler_StaticMethods_toTraceString:sb
parts$$inline_373:Jc
JSCompiler_StaticMethods_getRouter:Gc
JSCompiler_StaticMethods_setDomain:jc
goog$string$encodeUriRegExp_:sa
goog$structs$getValues:ib
goog$events$Listener:vb
goog$Uri:gc
goog$debug$Trace_:pb
goog$bind:ea
goog$now:x
navigator$$inline_42:La
goog$History$IFRAME_TEMPLATE_:Tb
cur$$inline_374:Z
goog$isArray:t
JSCompiler_StaticMethods_getRoute:Ec
goog$userAgent$OPERA:Ja
JSCompiler_StaticMethods_setHash_:Ub
JSCompiler_StaticMethods_setQueryData:mc
opt_object$$inline_372:Ic
goog$global:r
goog$events$fireListener:Hb
goog$Uri$reDisallowedInRelativePath_:sc
goog$Uri$reDisallowedInAbsolutePath_:rc
goog$Uri$reDisallowedInFragment_:tc
goog$array$ARRAY_PROTOTYPE_:I
goog$disposeAll:ob
goog$events$EventHandler$typeArray_:Nb
goog$debug$Trace_$Event_:qb
JSCompiler_StaticMethods_getToken:Vb
goog$debug$Trace_$longToPaddedString_:tb
tns$views$scripts$index$show:fa
goog$array$indexOf:cb
goog$string$ltRe_:ya
goog$userAgent$isDocumentMode:Va
tns$views$scripts$index$index:ja
goog$structs$forEach:jb
goog$Uri$encodeSpecialChars_:pc
